<?xml version="1.0" encoding="UTF-8"?>
<!-- Generated by org.testng.reporters.JUnitXMLReporter -->
<testsuite ignored="3" hostname="HP" failures="0" tests="1" name="Test" time="20.72" errors="0" timestamp="2024-08-03T17:35:23 IST">
  <testcase classname="testscripts.LoginTest" name="verifyUserLoginWithValidUsernameAndPassword" time="4.76"/>
  <testcase classname="testscripts.LoginTest" name="verifyUserisUnableToLoginWithInValidUserNameAndValidpassword" time="0.0">
    <ignored/>
  </testcase> <!-- verifyUserisUnableToLoginWithInValidUserNameAndValidpassword -->
  <testcase classname="testscripts.LoginTest" name="verifyUserisUnableToLoginWithInValidUserNameAndInvalidpassword" time="0.0">
    <ignored/>
  </testcase> <!-- verifyUserisUnableToLoginWithInValidUserNameAndInvalidpassword -->
  <testcase classname="testscripts.LoginTest" name="verifyUserisUnableToLoginWithValidUserNameAndInvalidpassword" time="0.0">
    <ignored/>
  </testcase> <!-- verifyUserisUnableToLoginWithValidUserNameAndInvalidpassword -->
</testsuite> <!-- Test -->
