<?xml version="1.0" encoding="UTF-8"?>
<testng-results ignored="0" total="1" passed="1" failed="0" skipped="0">
  <reporter-output>
  </reporter-output>
  <suite started-at="2024-07-25T19:44:30 IST" name="Default suite" finished-at="2024-07-25T19:44:41 IST" duration-ms="10971">
    <groups>
    </groups>
    <test started-at="2024-07-25T19:44:30 IST" name="Default test" finished-at="2024-07-25T19:44:41 IST" duration-ms="10971">
      <class name="testscripts.SubCategoryTest">
        <test-method is-config="true" signature="initializeBrowser()[pri:0, instance:testscripts.SubCategoryTest@6069db50]" started-at="2024-07-25T19:44:30 IST" name="initializeBrowser" finished-at="2024-07-25T19:44:38 IST" duration-ms="8205" status="PASS">
          <reporter-output>
          </reporter-output>
        </test-method> <!-- initializeBrowser -->
        <test-method signature="scrollSubCategoryPage()[pri:0, instance:testscripts.SubCategoryTest@6069db50]" started-at="2024-07-25T19:44:38 IST" name="scrollSubCategoryPage" finished-at="2024-07-25T19:44:40 IST" duration-ms="2460" status="PASS">
          <reporter-output>
          </reporter-output>
        </test-method> <!-- scrollSubCategoryPage -->
        <test-method is-config="true" signature="driverQuit()[pri:0, instance:testscripts.SubCategoryTest@6069db50]" started-at="2024-07-25T19:44:40 IST" name="driverQuit" finished-at="2024-07-25T19:44:41 IST" duration-ms="257" status="PASS">
          <reporter-output>
          </reporter-output>
        </test-method> <!-- driverQuit -->
      </class> <!-- testscripts.SubCategoryTest -->
    </test> <!-- Default test -->
  </suite> <!-- Default suite -->
</testng-results>
