<?xml version="1.0" encoding="UTF-8"?>
<testng-results ignored="0" total="1" passed="1" failed="0" skipped="0">
  <reporter-output>
  </reporter-output>
  <suite started-at="2024-07-24T14:38:36 IST" name="Default suite" finished-at="2024-07-24T14:38:43 IST" duration-ms="6833">
    <groups>
    </groups>
    <test started-at="2024-07-24T14:38:36 IST" name="Default test" finished-at="2024-07-24T14:38:43 IST" duration-ms="6833">
      <class name="testscripts.AdminUserSearchTest">
        <test-method is-config="true" signature="initializeBrowser()[pri:0, instance:testscripts.AdminUserSearchTest@49ec71f8]" started-at="2024-07-24T14:38:36 IST" name="initializeBrowser" finished-at="2024-07-24T14:38:39 IST" duration-ms="3433" status="PASS">
          <reporter-output>
          </reporter-output>
        </test-method> <!-- initializeBrowser -->
        <test-method signature="verifyUsernavigateToAdminUsersMoreInfoToAddNewUsers()[pri:0, instance:testscripts.AdminUserSearchTest@49ec71f8]" started-at="2024-07-24T14:38:39 IST" name="verifyUsernavigateToAdminUsersMoreInfoToAddNewUsers" finished-at="2024-07-24T14:38:43 IST" duration-ms="3148" status="PASS">
          <reporter-output>
          </reporter-output>
        </test-method> <!-- verifyUsernavigateToAdminUsersMoreInfoToAddNewUsers -->
        <test-method is-config="true" signature="driverQuit()[pri:0, instance:testscripts.AdminUserSearchTest@49ec71f8]" started-at="2024-07-24T14:38:43 IST" name="driverQuit" finished-at="2024-07-24T14:38:43 IST" duration-ms="214" status="PASS">
          <reporter-output>
          </reporter-output>
        </test-method> <!-- driverQuit -->
      </class> <!-- testscripts.AdminUserSearchTest -->
    </test> <!-- Default test -->
  </suite> <!-- Default suite -->
</testng-results>
