<?xml version="1.0" encoding="UTF-8"?>
<!-- Generated by org.testng.reporters.JUnitXMLReporter -->
<testsuite ignored="1" hostname="HP" failures="0" tests="1" name="Default test" time="10.971" errors="0" timestamp="2024-07-25T19:44:41 IST">
  <testcase classname="testscripts.SubCategoryTest" name="scrollSubCategoryPage" time="2.46"/>
  <testcase classname="testscripts.SubCategoryTest" name="verifyUsernavigateToSubCategoryMoreInfoToFileUpload" time="0.0">
    <ignored/>
  </testcase> <!-- verifyUsernavigateToSubCategoryMoreInfoToFileUpload -->
</testsuite> <!-- Default test -->
