<?xml version="1.0" encoding="UTF-8"?>
<!-- Generated by org.testng.reporters.JUnitXMLReporter -->
<testsuite ignored="1" hostname="HP" failures="0" tests="1" name="Default test" time="6.833" errors="0" timestamp="2024-07-24T14:38:43 IST">
  <testcase classname="testscripts.AdminUserSearchTest" name="verifyUsernavigateToAdminUsersMoreInfoToAddNewUsers" time="3.148"/>
  <testcase classname="testscripts.AdminUserSearchTest" name="verifyUserisAbleToResetTheSearchedItem" time="0.0">
    <ignored/>
  </testcase> <!-- verifyUserisAbleToResetTheSearchedItem -->
</testsuite> <!-- Default test -->
