<?xml version="1.0" encoding="UTF-8"?>
<!-- Generated by org.testng.reporters.JUnitXMLReporter -->
<testsuite ignored="3" hostname="HP" failures="0" tests="1" name="ChromeTest" time="6.962" errors="0" timestamp="2024-07-30T23:45:16 IST">
  <testcase classname="testscripts.LoginTest" name="verifyUserisUnableToLoginWithInValidUserNameAndValidpassword" time="0.809"/>
  <testcase classname="testscripts.LoginTest" name="verifyUserisUnableToLoginWithInValidUserNameAndInvalidpassword" time="0.0">
    <ignored/>
  </testcase> <!-- verifyUserisUnableToLoginWithInValidUserNameAndInvalidpassword -->
  <testcase classname="testscripts.LoginTest" name="verifyUserLoginWithValidUsernameAndPassword" time="0.0">
    <ignored/>
  </testcase> <!-- verifyUserLoginWithValidUsernameAndPassword -->
  <testcase classname="testscripts.LoginTest" name="verifyUserisUnableToLoginWithValidUserNameAndInvalidpassword" time="0.0">
    <ignored/>
  </testcase> <!-- verifyUserisUnableToLoginWithValidUserNameAndInvalidpassword -->
</testsuite> <!-- ChromeTest -->
